<?xml version="1.0" encoding="UTF-8"?>
<!-- Generated by org.testng.reporters.JUnitXMLReporter -->
<testsuite ignored="0" hostname="DESKTOP-0TU07RR" failures="0" tests="3" name="bacth" time="36.631" errors="0" timestamp="2023-03-19T12:32:35 IST">
  <testcase classname="practice.bluestone" name="lauching_browser" time="8.417"/>
  <testcase classname="practice.BlueStoneOffer" name="offer" time="10.209"/>
  <testcase classname="practice.BlueStonMouseOver" name="mouse" time="17.945"/>
</testsuite> <!-- bacth -->
