<?xml version="1.0" encoding="UTF-8"?>
<!-- Generated by org.testng.reporters.JUnitXMLReporter -->
<testsuite ignored="0" hostname="DESKTOP-0TU07RR" failures="1" tests="1" name="chromtest" time="0.075" errors="0" timestamp="2023-03-19T12:16:55 IST">
  <testcase classname="practice.CrossBoswer" name="tc2" time="0.016">
    <failure type="java.lang.NullPointerException" message="Cannot invoke &amp;quot;org.openqa.selenium.WebDriver.get(String)&amp;quot; because &amp;quot;driver&amp;quot; is null">
      <![CDATA[java.lang.NullPointerException: Cannot invoke "org.openqa.selenium.WebDriver.get(String)" because "driver" is null
at practice.CrossBoswer.tc2(CrossBoswer.java:30)
at java.base/java.util.ArrayList.forEach(ArrayList.java:1511)
... Removed 25 stack frames]]>
    </failure>
  </testcase> <!-- tc2 -->
</testsuite> <!-- chromtest -->
