<?xml version="1.0" encoding="UTF-8"?>
<testng-results ignored="0" total="2" passed="2" failed="0" skipped="0">
  <reporter-output>
  </reporter-output>
  <suite started-at="2023-03-19T20:06:14 IST" name="Suite" finished-at="2023-03-19T20:06:49 IST" duration-ms="35463">
    <groups>
    </groups>
    <test started-at="2023-03-19T20:06:14 IST" name="chrometest" finished-at="2023-03-19T20:06:26 IST" duration-ms="12697">
      <class name="practice.CrossBoswer">
        <test-method signature="tc2(java.lang.String)[pri:0, instance:practice.CrossBoswer@7e5afaa6]" started-at="2023-03-19T20:06:14 IST" name="tc2" finished-at="2023-03-19T20:06:26 IST" duration-ms="12643" status="PASS">
          <params>
            <param index="0">
              <value>
                <![CDATA[chrome]]>
              </value>
            </param>
          </params>
          <reporter-output>
          </reporter-output>
        </test-method> <!-- tc2 -->
      </class> <!-- practice.CrossBoswer -->
    </test> <!-- chrometest -->
    <test started-at="2023-03-19T20:06:26 IST" name="firefoxtest" finished-at="2023-03-19T20:06:49 IST" duration-ms="22662">
      <class name="practice.CrossBoswer">
        <test-method signature="tc2(java.lang.String)[pri:0, instance:practice.CrossBoswer@ffaa6af]" started-at="2023-03-19T20:06:26 IST" name="tc2" finished-at="2023-03-19T20:06:49 IST" duration-ms="22658" status="PASS">
          <params>
            <param index="0">
              <value>
                <![CDATA[firefox]]>
              </value>
            </param>
          </params>
          <reporter-output>
          </reporter-output>
        </test-method> <!-- tc2 -->
      </class> <!-- practice.CrossBoswer -->
    </test> <!-- firefoxtest -->
  </suite> <!-- Suite -->
</testng-results>
